<beans xmlns="http://www.springframework.org/schema/beans"
       xmlns:context="http://www.springframework.org/schema/context"
       xmlns:mvc="http://www.springframework.org/schema/mvc"
       xmlns:xsi="http://www.w3.org/2001/XMLSchema-instance"
       xmlns:jdbc="http://www.springframework.org/schema/jdbc"

       xsi:schemaLocation="http://www.springframework.org/schema/beans
                            http://www.springframework.org/schema/beans/spring-beans-3.0.xsd
                            http://www.springframework.org/schema/context
                            http://www.springframework.org/schema/context/spring-context-3.0.xsd
                            http://www.springframework.org/schema/mvc
                            http://www.springframework.org/schema/mvc/spring-mvc-3.0.xsd
                            http://www.springframework.org/schema/jdbc
                            http://www.springframework.org/schema/jdbc/spring-jdbc.xsd">


    <mvc:annotation-driven/>

    <bean id="departmentController" class="com.company.rest.DepartmentController"/>
    <bean id="employeeController" class="com.company.rest.EmployeeController"/>

    <bean id="departmentService" class="com.company.service.DepartmentServiceImpl"/>
    <bean id="employeeService" class="com.company.service.EmployeeServiceImpl"/>

    <bean id="departmentDAO" class="com.company.dao.DepartmentJdbcDAO">
        <property name="jdbcTemplate" ref="jdbcTemplate"/>
    </bean>

    <bean id="employeeDAO" class="com.company.dao.EmployeeJdbcDAO">
        <property name="jdbcTemplate" ref="jdbcTemplate"/>
    </bean>

    <bean id="jdbcTemplate" class="org.springframework.jdbc.core.JdbcTemplate">
        <constructor-arg ref="dataSourceDB" />
        <property name="dataSource" ref="dataSourceDB"/>
    </bean>

    <bean id="dataSourceDB" class="org.springframework.jdbc.datasource.DriverManagerDataSource">
        <property name="driverClassName" value="org.hsqldb.jdbcDriver"/>
        <property name="url" value="jdbc:hsqldb:mem:dataSource"/>
        <property name="username" value="sa"/>
        <property name="password" value=""/>
    </bean>

    <jdbc:embedded-database id="dataSource" type="HSQL">
        <jdbc:script location="classpath:create-db.sql" />
        <jdbc:script location="classpath:insert-data.sql" />
    </jdbc:embedded-database>

</beans>
